***->(-1, -1)
var->(-1, -1)
id->(97, 0)
[->(-1, -1)
const->(191, 0)
]->(-1, -1)
integer->(-1, -1)
;->(-1, -1)
var->(-1, -1)
id->(110, 0)
integer->(-1, -1)
;->(-1, -1)
var->(-1, -1)
id->(461, 0)
long_integer->(-1, -1)
;->(-1, -1)
var->(-1, -1)
id->(178, 0)
string->(-1, -1)
;->(-1, -1)
id->(178, 0)
:=->(-1, -1)
;->(-1, -1)
read->(-1, -1)
(->(-1, -1)
id->(110, 0)
)->(-1, -1)
;->(-1, -1)
step_loop->(-1, -1)
(->(-1, -1)
id->(105, 0)
,->(-1, -1)
const->(49, 0)
,->(-1, -1)
id->(110, 0)
)->(-1, -1)
***->(-1, -1)
read->(-1, -1)
(->(-1, -1)
)->(-1, -1)
;->(-1, -1)
***->(-1, -1)
step_loop->(-1, -1)
(->(-1, -1)
id->(105, 0)
,->(-1, -1)
const->(49, 0)
,->(-1, -1)
id->(110, 0)
,->(-1, -1)
const->(49, 0)
)->(-1, -1)
***->(-1, -1)
id->(461, 0)
:=->(-1, -1)
id->(461, 0)
+->(-1, -1)
id->(97, 0)
[->(-1, -1)
id->(105, 0)
]->(-1, -1)
;->(-1, -1)
***->(-1, -1)
write->(-1, -1)
(->(-1, -1)
id->(461, 0)
)->(-1, -1)
;->(-1, -1)
write->(-1, -1)
(->(-1, -1)
id->(178, 0)
)->(-1, -1)
;->(-1, -1)
***->(-1, -1)
