***->(-1, -1)
var->(-1, -1)
id->(97, 0)
integer->(-1, -1)
;->(-1, -1)
var->(-1, -1)
id->(98, 0)
integer->(-1, -1)
;->(-1, -1)
var->(-1, -1)
id->(99, 0)
integer->(-1, -1)
;->(-1, -1)
read->(-1, -1)
(->(-1, -1)
id->(97, 0)
)->(-1, -1)
;->(-1, -1)
read->(-1, -1)
(->(-1, -1)
id->(98, 0)
)->(-1, -1)
;->(-1, -1)
read->(-1, -1)
(->(-1, -1)
id->(99, 0)
)->(-1, -1)
;->(-1, -1)
id->(412, 0)
:=->(-1, -1)
id->(97, 0)
+->(-1, -1)
id->(98, 0)
+->(-1, -1)
id->(99, 0)
+->(-1, -1)
const->(441, 0)
;->(-1, -1)
write->(-1, -1)
(->(-1, -1)
id->(412, 0)
)->(-1, -1)
;->(-1, -1)
***->(-1, -1)
